1 broken test method(s): Math-4f-evosuite-branch.1.tar.bz2
--- org.apache.commons.math3.geometry.euclidean.twod.SubLine_ESTest::test11
junit.framework.AssertionFailedError: expected:<PLUS> but was:<HYPER>
	at org.junit.Assert.fail(Assert.java:88)
	at org.junit.Assert.failNotEquals(Assert.java:743)
	at org.junit.Assert.assertEquals(Assert.java:118)
	at org.junit.Assert.assertEquals(Assert.java:144)
	at org.apache.commons.math3.geometry.euclidean.twod.SubLine_ESTest.test11(SubLine_ESTest.java:143)
	at sun.reflect.NativeMethodAccessorImpl.invoke0(Native Method)
	at sun.reflect.NativeMethodAccessorImpl.invoke(NativeMethodAccessorImpl.java:57)
	at sun.reflect.DelegatingMethodAccessorImpl.invoke(DelegatingMethodAccessorImpl.java:43)
	at java.lang.reflect.Method.invoke(Method.java:606)
	at org.junit.runners.model.FrameworkMethod$1.runReflectiveCall(FrameworkMethod.java:47)
	at org.junit.internal.runners.model.ReflectiveCallable.run(ReflectiveCallable.java:12)
	at org.junit.runners.model.FrameworkMethod.invokeExplosively(FrameworkMethod.java:44)
	at org.junit.internal.runners.statements.InvokeMethod.evaluate(InvokeMethod.java:17)
	at org.junit.internal.runners.statements.RunBefores.evaluate(RunBefores.java:26)
	at org.junit.internal.runners.statements.RunAfters.evaluate(RunAfters.java:27)
	at org.junit.internal.runners.statements.FailOnTimeout$StatementThread.run(FailOnTimeout.java:74)
1 broken test method(s): Math-21f-evosuite-branch.1.tar.bz2
--- org.apache.commons.math3.linear.RectangularCholeskyDecomposition_ESTest::test1
org.apache.commons.math3.linear.NonPositiveDefiniteMatrixException: 0 is smaller than, or equal to, the minimum (3,551.692): not positive definite matrix: value 0 at index 0
4 broken test method(s): Math-16f-evosuite-branch.1.tar.bz2
--- org.apache.commons.math3.util.FastMath_ESTest::test002
junit.framework.AssertionFailedError: expected:<710.1881780014921> but was:<NaN>
	at org.junit.Assert.fail(Assert.java:88)
	at org.junit.Assert.failNotEquals(Assert.java:743)
	at org.junit.Assert.assertEquals(Assert.java:494)
	at org.junit.Assert.assertEquals(Assert.java:592)
	at org.apache.commons.math3.util.FastMath_ESTest.test002(FastMath_ESTest.java:37)
	at sun.reflect.NativeMethodAccessorImpl.invoke0(Native Method)
	at sun.reflect.NativeMethodAccessorImpl.invoke(NativeMethodAccessorImpl.java:57)
	at sun.reflect.DelegatingMethodAccessorImpl.invoke(DelegatingMethodAccessorImpl.java:43)
	at java.lang.reflect.Method.invoke(Method.java:606)
	at org.junit.runners.model.FrameworkMethod$1.runReflectiveCall(FrameworkMethod.java:47)
	at org.junit.internal.runners.model.ReflectiveCallable.run(ReflectiveCallable.java:12)
	at org.junit.runners.model.FrameworkMethod.invokeExplosively(FrameworkMethod.java:44)
	at org.junit.internal.runners.statements.InvokeMethod.evaluate(InvokeMethod.java:17)
	at org.junit.internal.runners.statements.RunBefores.evaluate(RunBefores.java:26)
	at org.junit.internal.runners.statements.RunAfters.evaluate(RunAfters.java:27)
	at org.junit.internal.runners.statements.FailOnTimeout$StatementThread.run(FailOnTimeout.java:74)
--- org.apache.commons.math3.util.FastMath_ESTest::test077
junit.framework.AssertionFailedError: expected:<Infinity> but was:<NaN>
	at org.junit.Assert.fail(Assert.java:88)
	at org.junit.Assert.failNotEquals(Assert.java:743)
	at org.junit.Assert.assertEquals(Assert.java:494)
	at org.junit.Assert.assertEquals(Assert.java:592)
	at org.apache.commons.math3.util.FastMath_ESTest.test077(FastMath_ESTest.java:487)
	at sun.reflect.NativeMethodAccessorImpl.invoke0(Native Method)
	at sun.reflect.NativeMethodAccessorImpl.invoke(NativeMethodAccessorImpl.java:57)
	at sun.reflect.DelegatingMethodAccessorImpl.invoke(DelegatingMethodAccessorImpl.java:43)
	at java.lang.reflect.Method.invoke(Method.java:606)
	at org.junit.runners.model.FrameworkMethod$1.runReflectiveCall(FrameworkMethod.java:47)
	at org.junit.internal.runners.model.ReflectiveCallable.run(ReflectiveCallable.java:12)
	at org.junit.runners.model.FrameworkMethod.invokeExplosively(FrameworkMethod.java:44)
	at org.junit.internal.runners.statements.InvokeMethod.evaluate(InvokeMethod.java:17)
	at org.junit.internal.runners.statements.RunBefores.evaluate(RunBefores.java:26)
	at org.junit.internal.runners.statements.RunAfters.evaluate(RunAfters.java:27)
	at org.junit.internal.runners.statements.FailOnTimeout$StatementThread.run(FailOnTimeout.java:74)
--- org.apache.commons.math3.util.FastMath_ESTest::test122
junit.framework.AssertionFailedError: expected:<-1.5707963267948966> but was:<NaN>
	at org.junit.Assert.fail(Assert.java:88)
	at org.junit.Assert.failNotEquals(Assert.java:743)
	at org.junit.Assert.assertEquals(Assert.java:494)
	at org.junit.Assert.assertEquals(Assert.java:592)
	at org.apache.commons.math3.util.FastMath_ESTest.test122(FastMath_ESTest.java:757)
	at sun.reflect.NativeMethodAccessorImpl.invoke0(Native Method)
	at sun.reflect.NativeMethodAccessorImpl.invoke(NativeMethodAccessorImpl.java:57)
	at sun.reflect.DelegatingMethodAccessorImpl.invoke(DelegatingMethodAccessorImpl.java:43)
	at java.lang.reflect.Method.invoke(Method.java:606)
	at org.junit.runners.model.FrameworkMethod$1.runReflectiveCall(FrameworkMethod.java:47)
	at org.junit.internal.runners.model.ReflectiveCallable.run(ReflectiveCallable.java:12)
	at org.junit.runners.model.FrameworkMethod.invokeExplosively(FrameworkMethod.java:44)
	at org.junit.internal.runners.statements.InvokeMethod.evaluate(InvokeMethod.java:17)
	at org.junit.internal.runners.statements.RunBefores.evaluate(RunBefores.java:26)
	at org.junit.internal.runners.statements.RunAfters.evaluate(RunAfters.java:27)
	at org.junit.internal.runners.statements.FailOnTimeout$StatementThread.run(FailOnTimeout.java:74)
--- org.apache.commons.math3.util.FastMath_ESTest::test244
junit.framework.AssertionFailedError: expected:<812.6815> but was:<NaN>
	at org.junit.Assert.fail(Assert.java:88)
	at org.junit.Assert.failNotEquals(Assert.java:743)
	at org.junit.Assert.assertEquals(Assert.java:519)
	at org.junit.Assert.assertEquals(Assert.java:609)
	at org.apache.commons.math3.util.FastMath_ESTest.test244(FastMath_ESTest.java:1489)
	at sun.reflect.NativeMethodAccessorImpl.invoke0(Native Method)
	at sun.reflect.NativeMethodAccessorImpl.invoke(NativeMethodAccessorImpl.java:57)
	at sun.reflect.DelegatingMethodAccessorImpl.invoke(DelegatingMethodAccessorImpl.java:43)
	at java.lang.reflect.Method.invoke(Method.java:606)
	at org.junit.runners.model.FrameworkMethod$1.runReflectiveCall(FrameworkMethod.java:47)
	at org.junit.internal.runners.model.ReflectiveCallable.run(ReflectiveCallable.java:12)
	at org.junit.runners.model.FrameworkMethod.invokeExplosively(FrameworkMethod.java:44)
	at org.junit.internal.runners.statements.InvokeMethod.evaluate(InvokeMethod.java:17)
	at org.junit.internal.runners.statements.RunBefores.evaluate(RunBefores.java:26)
	at org.junit.internal.runners.statements.RunAfters.evaluate(RunAfters.java:27)
	at org.junit.internal.runners.statements.FailOnTimeout$StatementThread.run(FailOnTimeout.java:74)
14 broken test method(s): Math-18f-evosuite-branch.1.tar.bz2
--- org.apache.commons.math3.optimization.direct.CMAESOptimizer_ESTest::test00
org.apache.commons.math3.exception.MaxCountExceededException: illegal state: convergence failed
--- org.apache.commons.math3.optimization.direct.CMAESOptimizer_ESTest::test01
org.apache.commons.math3.exception.DimensionMismatchException: 1 != 5
--- org.apache.commons.math3.optimization.direct.CMAESOptimizer_ESTest::test02
org.apache.commons.math3.exception.DimensionMismatchException: 1 != 4
--- org.apache.commons.math3.optimization.direct.CMAESOptimizer_ESTest::test03
org.evosuite.runtime.TooManyResourcesException: Loop has been executed more times than the allowed 100000
	at org.evosuite.runtime.LoopCounter.checkLoop(LoopCounter.java:82)
	at org.apache.commons.math3.linear.Array2DRowRealMatrix.getColumnDimension(Array2DRowRealMatrix.java:345)
	at org.apache.commons.math3.linear.MatrixUtils.checkColumnIndex(MatrixUtils.java:418)
	at org.apache.commons.math3.linear.MatrixUtils.checkMatrixIndex(MatrixUtils.java:390)
	at org.apache.commons.math3.linear.Array2DRowRealMatrix.setEntry(Array2DRowRealMatrix.java:314)
	at org.apache.commons.math3.linear.AbstractRealMatrix.scalarAdd(AbstractRealMatrix.java:117)
	at org.apache.commons.math3.optimization.direct.CMAESOptimizer.initializeCMA(CMAESOptimizer.java:603)
	at org.apache.commons.math3.optimization.direct.CMAESOptimizer.doOptimize(CMAESOptimizer.java:363)
	at org.apache.commons.math3.optimization.direct.BaseAbstractMultivariateOptimizer.optimizeInternal(BaseAbstractMultivariateOptimizer.java:148)
	at org.apache.commons.math3.optimization.direct.BaseAbstractMultivariateOptimizer.optimize(BaseAbstractMultivariateOptimizer.java:105)
	at org.apache.commons.math3.optimization.direct.BaseAbstractMultivariateSimpleBoundsOptimizer.optimize(BaseAbstractMultivariateSimpleBoundsOptimizer.java:140)
	at org.apache.commons.math3.optimization.direct.BaseAbstractMultivariateSimpleBoundsOptimizer.optimize(BaseAbstractMultivariateSimpleBoundsOptimizer.java:87)
	at org.apache.commons.math3.optimization.direct.CMAESOptimizer_ESTest.test03(CMAESOptimizer_ESTest.java:128)
	at sun.reflect.NativeMethodAccessorImpl.invoke0(Native Method)
	at sun.reflect.NativeMethodAccessorImpl.invoke(NativeMethodAccessorImpl.java:57)
	at sun.reflect.DelegatingMethodAccessorImpl.invoke(DelegatingMethodAccessorImpl.java:43)
	at java.lang.reflect.Method.invoke(Method.java:606)
	at org.junit.runners.model.FrameworkMethod$1.runReflectiveCall(FrameworkMethod.java:47)
	at org.junit.internal.runners.model.ReflectiveCallable.run(ReflectiveCallable.java:12)
	at org.junit.runners.model.FrameworkMethod.invokeExplosively(FrameworkMethod.java:44)
	at org.junit.internal.runners.statements.InvokeMethod.evaluate(InvokeMethod.java:17)
	at org.junit.internal.runners.statements.RunBefores.evaluate(RunBefores.java:26)
	at org.junit.internal.runners.statements.RunAfters.evaluate(RunAfters.java:27)
	at org.junit.internal.runners.statements.FailOnTimeout$StatementThread.run(FailOnTimeout.java:74)
--- org.apache.commons.math3.optimization.direct.CMAESOptimizer_ESTest::test04
org.apache.commons.math3.exception.DimensionMismatchException: 1 != 4
--- org.apache.commons.math3.optimization.direct.CMAESOptimizer_ESTest::test05
org.apache.commons.math3.exception.DimensionMismatchException: 1 != 4
--- org.apache.commons.math3.optimization.direct.CMAESOptimizer_ESTest::test06
org.apache.commons.math3.exception.DimensionMismatchException: 1 != 4
--- org.apache.commons.math3.optimization.direct.CMAESOptimizer_ESTest::test12
org.evosuite.runtime.TooManyResourcesException: Loop has been executed more times than the allowed 100000
	at org.evosuite.runtime.LoopCounter.checkLoop(LoopCounter.java:82)
	at org.apache.commons.math3.random.UnitSphereRandomVectorGenerator.nextVector(UnitSphereRandomVectorGenerator.java:68)
	at org.apache.commons.math3.analysis.interpolation.MicrosphereInterpolatingFunction.<init>(MicrosphereInterpolatingFunction.java:189)
	at org.apache.commons.math3.optimization.direct.CMAESOptimizer_ESTest.test12(CMAESOptimizer_ESTest.java:459)
	at sun.reflect.NativeMethodAccessorImpl.invoke0(Native Method)
	at sun.reflect.NativeMethodAccessorImpl.invoke(NativeMethodAccessorImpl.java:57)
	at sun.reflect.DelegatingMethodAccessorImpl.invoke(DelegatingMethodAccessorImpl.java:43)
	at java.lang.reflect.Method.invoke(Method.java:606)
	at org.junit.runners.model.FrameworkMethod$1.runReflectiveCall(FrameworkMethod.java:47)
	at org.junit.internal.runners.model.ReflectiveCallable.run(ReflectiveCallable.java:12)
	at org.junit.runners.model.FrameworkMethod.invokeExplosively(FrameworkMethod.java:44)
	at org.junit.internal.runners.statements.InvokeMethod.evaluate(InvokeMethod.java:17)
	at org.junit.internal.runners.statements.RunBefores.evaluate(RunBefores.java:26)
	at org.junit.internal.runners.statements.RunAfters.evaluate(RunAfters.java:27)
	at org.junit.internal.runners.statements.FailOnTimeout$StatementThread.run(FailOnTimeout.java:74)
--- org.apache.commons.math3.optimization.direct.CMAESOptimizer_ESTest::test15
org.apache.commons.math3.exception.DimensionMismatchException: 1 != 5
--- org.apache.commons.math3.optimization.direct.CMAESOptimizer_ESTest::test17
org.apache.commons.math3.exception.DimensionMismatchException: 1 != 4
--- org.apache.commons.math3.optimization.direct.CMAESOptimizer_ESTest::test19
org.apache.commons.math3.exception.DimensionMismatchException: 1 != 4
--- org.apache.commons.math3.optimization.direct.CMAESOptimizer_ESTest::test20
org.evosuite.runtime.TooManyResourcesException: Loop has been executed more times than the allowed 100000
	at org.evosuite.runtime.LoopCounter.checkLoop(LoopCounter.java:82)
	at org.apache.commons.math3.linear.Array2DRowRealMatrix.getColumnDimension(Array2DRowRealMatrix.java:345)
	at org.apache.commons.math3.linear.MatrixUtils.checkColumnIndex(MatrixUtils.java:418)
	at org.apache.commons.math3.linear.MatrixUtils.checkMatrixIndex(MatrixUtils.java:390)
	at org.apache.commons.math3.linear.Array2DRowRealMatrix.setEntry(Array2DRowRealMatrix.java:314)
	at org.apache.commons.math3.linear.AbstractRealMatrix.scalarAdd(AbstractRealMatrix.java:117)
	at org.apache.commons.math3.optimization.direct.CMAESOptimizer.initializeCMA(CMAESOptimizer.java:603)
	at org.apache.commons.math3.optimization.direct.CMAESOptimizer.doOptimize(CMAESOptimizer.java:363)
	at org.apache.commons.math3.optimization.direct.BaseAbstractMultivariateOptimizer.optimizeInternal(BaseAbstractMultivariateOptimizer.java:148)
	at org.apache.commons.math3.optimization.direct.BaseAbstractMultivariateOptimizer.optimize(BaseAbstractMultivariateOptimizer.java:105)
	at org.apache.commons.math3.optimization.direct.BaseAbstractMultivariateSimpleBoundsOptimizer.optimize(BaseAbstractMultivariateSimpleBoundsOptimizer.java:140)
	at org.apache.commons.math3.optimization.direct.CMAESOptimizer_ESTest.test20(CMAESOptimizer_ESTest.java:653)
	at sun.reflect.NativeMethodAccessorImpl.invoke0(Native Method)
	at sun.reflect.NativeMethodAccessorImpl.invoke(NativeMethodAccessorImpl.java:57)
	at sun.reflect.DelegatingMethodAccessorImpl.invoke(DelegatingMethodAccessorImpl.java:43)
	at java.lang.reflect.Method.invoke(Method.java:606)
	at org.junit.runners.model.FrameworkMethod$1.runReflectiveCall(FrameworkMethod.java:47)
	at org.junit.internal.runners.model.ReflectiveCallable.run(ReflectiveCallable.java:12)
	at org.junit.runners.model.FrameworkMethod.invokeExplosively(FrameworkMethod.java:44)
	at org.junit.internal.runners.statements.InvokeMethod.evaluate(InvokeMethod.java:17)
	at org.junit.internal.runners.statements.RunBefores.evaluate(RunBefores.java:26)
	at org.junit.internal.runners.statements.RunAfters.evaluate(RunAfters.java:27)
	at org.junit.internal.runners.statements.FailOnTimeout$StatementThread.run(FailOnTimeout.java:74)
--- org.apache.commons.math3.optimization.direct.CMAESOptimizer_ESTest::test21
org.apache.commons.math3.exception.DimensionMismatchException: 1 != 4
--- org.apache.commons.math3.optimization.direct.CMAESOptimizer_ESTest::test27
org.apache.commons.math3.exception.MaxCountExceededException: illegal state: convergence failed
2 broken test method(s): Math-24f-evosuite-branch.1.tar.bz2
--- org.apache.commons.math3.optimization.univariate.BrentOptimizer_ESTest::test3
junit.framework.AssertionFailedError: expected:<33> but was:<81>
	at org.junit.Assert.fail(Assert.java:88)
	at org.junit.Assert.failNotEquals(Assert.java:743)
	at org.junit.Assert.assertEquals(Assert.java:118)
	at org.junit.Assert.assertEquals(Assert.java:555)
	at org.junit.Assert.assertEquals(Assert.java:542)
	at org.apache.commons.math3.optimization.univariate.BrentOptimizer_ESTest.test3(BrentOptimizer_ESTest.java:73)
	at sun.reflect.NativeMethodAccessorImpl.invoke0(Native Method)
	at sun.reflect.NativeMethodAccessorImpl.invoke(NativeMethodAccessorImpl.java:57)
	at sun.reflect.DelegatingMethodAccessorImpl.invoke(DelegatingMethodAccessorImpl.java:43)
	at java.lang.reflect.Method.invoke(Method.java:606)
	at org.junit.runners.model.FrameworkMethod$1.runReflectiveCall(FrameworkMethod.java:47)
	at org.junit.internal.runners.model.ReflectiveCallable.run(ReflectiveCallable.java:12)
	at org.junit.runners.model.FrameworkMethod.invokeExplosively(FrameworkMethod.java:44)
	at org.junit.internal.runners.statements.InvokeMethod.evaluate(InvokeMethod.java:17)
	at org.junit.internal.runners.statements.RunBefores.evaluate(RunBefores.java:26)
	at org.junit.internal.runners.statements.RunAfters.evaluate(RunAfters.java:27)
	at org.junit.internal.runners.statements.FailOnTimeout$StatementThread.run(FailOnTimeout.java:74)
--- org.apache.commons.math3.optimization.univariate.BrentOptimizer_ESTest::test6
junit.framework.AssertionFailedError: expected:<3> but was:<12>
	at org.junit.Assert.fail(Assert.java:88)
	at org.junit.Assert.failNotEquals(Assert.java:743)
	at org.junit.Assert.assertEquals(Assert.java:118)
	at org.junit.Assert.assertEquals(Assert.java:555)
	at org.junit.Assert.assertEquals(Assert.java:542)
	at org.apache.commons.math3.optimization.univariate.BrentOptimizer_ESTest.test6(BrentOptimizer_ESTest.java:100)
	at sun.reflect.NativeMethodAccessorImpl.invoke0(Native Method)
	at sun.reflect.NativeMethodAccessorImpl.invoke(NativeMethodAccessorImpl.java:57)
	at sun.reflect.DelegatingMethodAccessorImpl.invoke(DelegatingMethodAccessorImpl.java:43)
	at java.lang.reflect.Method.invoke(Method.java:606)
	at org.junit.runners.model.FrameworkMethod$1.runReflectiveCall(FrameworkMethod.java:47)
	at org.junit.internal.runners.model.ReflectiveCallable.run(ReflectiveCallable.java:12)
	at org.junit.runners.model.FrameworkMethod.invokeExplosively(FrameworkMethod.java:44)
	at org.junit.internal.runners.statements.InvokeMethod.evaluate(InvokeMethod.java:17)
	at org.junit.internal.runners.statements.RunBefores.evaluate(RunBefores.java:26)
	at org.junit.internal.runners.statements.RunAfters.evaluate(RunAfters.java:27)
	at org.junit.internal.runners.statements.FailOnTimeout$StatementThread.run(FailOnTimeout.java:74)
1 broken test method(s): Math-26f-evosuite-branch.1.tar.bz2
--- org.apache.commons.math3.fraction.Fraction_ESTest::test11
junit.framework.AssertionFailedError: Expecting exception: IllegalStateException
	at org.junit.Assert.fail(Assert.java:88)
	at org.apache.commons.math3.fraction.Fraction_ESTest.test11(Fraction_ESTest.java:119)
	at sun.reflect.NativeMethodAccessorImpl.invoke0(Native Method)
	at sun.reflect.NativeMethodAccessorImpl.invoke(NativeMethodAccessorImpl.java:57)
	at sun.reflect.DelegatingMethodAccessorImpl.invoke(DelegatingMethodAccessorImpl.java:43)
	at java.lang.reflect.Method.invoke(Method.java:606)
	at org.junit.runners.model.FrameworkMethod$1.runReflectiveCall(FrameworkMethod.java:47)
	at org.junit.internal.runners.model.ReflectiveCallable.run(ReflectiveCallable.java:12)
	at org.junit.runners.model.FrameworkMethod.invokeExplosively(FrameworkMethod.java:44)
	at org.junit.internal.runners.statements.InvokeMethod.evaluate(InvokeMethod.java:17)
	at org.junit.internal.runners.statements.RunBefores.evaluate(RunBefores.java:26)
	at org.junit.internal.runners.statements.RunAfters.evaluate(RunAfters.java:27)
	at org.junit.internal.runners.statements.FailOnTimeout$StatementThread.run(FailOnTimeout.java:74)
2 broken test method(s): Math-29f-evosuite-branch.1.tar.bz2
--- org.apache.commons.math3.linear.OpenMapRealVector_ESTest::test19
java.lang.UnsupportedOperationException: Not supported
	at org.apache.commons.math3.linear.OpenMapRealVector$OpenMapSparseIterator.remove(OpenMapRealVector.java:841)
	at org.apache.commons.math3.linear.OpenMapRealVector_ESTest.test19(OpenMapRealVector_ESTest.java:380)
	at sun.reflect.NativeMethodAccessorImpl.invoke0(Native Method)
	at sun.reflect.NativeMethodAccessorImpl.invoke(NativeMethodAccessorImpl.java:57)
	at sun.reflect.DelegatingMethodAccessorImpl.invoke(DelegatingMethodAccessorImpl.java:43)
	at java.lang.reflect.Method.invoke(Method.java:606)
	at org.junit.runners.model.FrameworkMethod$1.runReflectiveCall(FrameworkMethod.java:47)
	at org.junit.internal.runners.model.ReflectiveCallable.run(ReflectiveCallable.java:12)
	at org.junit.runners.model.FrameworkMethod.invokeExplosively(FrameworkMethod.java:44)
	at org.junit.internal.runners.statements.InvokeMethod.evaluate(InvokeMethod.java:17)
	at org.junit.internal.runners.statements.RunBefores.evaluate(RunBefores.java:26)
	at org.junit.internal.runners.statements.RunAfters.evaluate(RunAfters.java:27)
	at org.junit.internal.runners.statements.FailOnTimeout$StatementThread.run(FailOnTimeout.java:74)
--- org.apache.commons.math3.linear.OpenMapRealVector_ESTest::test78
org.apache.commons.math3.exception.MathArithmeticException: zero norm
4 broken test method(s): Math-33f-evosuite-branch.1.tar.bz2
--- org.apache.commons.math3.optimization.linear.SimplexTableau_ESTest::test00
junit.framework.AssertionFailedError: Expecting exception: NullPointerException
	at org.junit.Assert.fail(Assert.java:88)
	at org.apache.commons.math3.optimization.linear.SimplexTableau_ESTest.test00(SimplexTableau_ESTest.java:45)
	at sun.reflect.NativeMethodAccessorImpl.invoke0(Native Method)
	at sun.reflect.NativeMethodAccessorImpl.invoke(NativeMethodAccessorImpl.java:57)
	at sun.reflect.DelegatingMethodAccessorImpl.invoke(DelegatingMethodAccessorImpl.java:43)
	at java.lang.reflect.Method.invoke(Method.java:606)
	at org.junit.runners.model.FrameworkMethod$1.runReflectiveCall(FrameworkMethod.java:47)
	at org.junit.internal.runners.model.ReflectiveCallable.run(ReflectiveCallable.java:12)
	at org.junit.runners.model.FrameworkMethod.invokeExplosively(FrameworkMethod.java:44)
	at org.junit.internal.runners.statements.InvokeMethod.evaluate(InvokeMethod.java:17)
	at org.junit.internal.runners.statements.RunBefores.evaluate(RunBefores.java:26)
	at org.junit.internal.runners.statements.RunAfters.evaluate(RunAfters.java:27)
	at org.junit.internal.runners.statements.FailOnTimeout$StatementThread.run(FailOnTimeout.java:74)
--- org.apache.commons.math3.optimization.linear.SimplexTableau_ESTest::test07
junit.framework.AssertionFailedError: Expecting exception: NullPointerException
	at org.junit.Assert.fail(Assert.java:88)
	at org.apache.commons.math3.optimization.linear.SimplexTableau_ESTest.test07(SimplexTableau_ESTest.java:143)
	at sun.reflect.NativeMethodAccessorImpl.invoke0(Native Method)
	at sun.reflect.NativeMethodAccessorImpl.invoke(NativeMethodAccessorImpl.java:57)
	at sun.reflect.DelegatingMethodAccessorImpl.invoke(DelegatingMethodAccessorImpl.java:43)
	at java.lang.reflect.Method.invoke(Method.java:606)
	at org.junit.runners.model.FrameworkMethod$1.runReflectiveCall(FrameworkMethod.java:47)
	at org.junit.internal.runners.model.ReflectiveCallable.run(ReflectiveCallable.java:12)
	at org.junit.runners.model.FrameworkMethod.invokeExplosively(FrameworkMethod.java:44)
	at org.junit.internal.runners.statements.InvokeMethod.evaluate(InvokeMethod.java:17)
	at org.junit.internal.runners.statements.RunBefores.evaluate(RunBefores.java:26)
	at org.junit.internal.runners.statements.RunAfters.evaluate(RunAfters.java:27)
	at org.junit.internal.runners.statements.FailOnTimeout$StatementThread.run(FailOnTimeout.java:74)
--- org.apache.commons.math3.optimization.linear.SimplexTableau_ESTest::test14
junit.framework.AssertionFailedError: Expecting exception: NullPointerException
	at org.junit.Assert.fail(Assert.java:88)
	at org.apache.commons.math3.optimization.linear.SimplexTableau_ESTest.test14(SimplexTableau_ESTest.java:234)
	at sun.reflect.NativeMethodAccessorImpl.invoke0(Native Method)
	at sun.reflect.NativeMethodAccessorImpl.invoke(NativeMethodAccessorImpl.java:57)
	at sun.reflect.DelegatingMethodAccessorImpl.invoke(DelegatingMethodAccessorImpl.java:43)
	at java.lang.reflect.Method.invoke(Method.java:606)
	at org.junit.runners.model.FrameworkMethod$1.runReflectiveCall(FrameworkMethod.java:47)
	at org.junit.internal.runners.model.ReflectiveCallable.run(ReflectiveCallable.java:12)
	at org.junit.runners.model.FrameworkMethod.invokeExplosively(FrameworkMethod.java:44)
	at org.junit.internal.runners.statements.InvokeMethod.evaluate(InvokeMethod.java:17)
	at org.junit.internal.runners.statements.RunBefores.evaluate(RunBefores.java:26)
	at org.junit.internal.runners.statements.RunAfters.evaluate(RunAfters.java:27)
	at org.junit.internal.runners.statements.FailOnTimeout$StatementThread.run(FailOnTimeout.java:74)
--- org.apache.commons.math3.optimization.linear.SimplexTableau_ESTest::test16
junit.framework.AssertionFailedError
	at org.junit.Assert.fail(Assert.java:86)
	at org.junit.Assert.assertTrue(Assert.java:41)
	at org.junit.Assert.assertTrue(Assert.java:52)
	at org.apache.commons.math3.optimization.linear.SimplexTableau_ESTest.test16(SimplexTableau_ESTest.java:266)
	at sun.reflect.NativeMethodAccessorImpl.invoke0(Native Method)
	at sun.reflect.NativeMethodAccessorImpl.invoke(NativeMethodAccessorImpl.java:57)
	at sun.reflect.DelegatingMethodAccessorImpl.invoke(DelegatingMethodAccessorImpl.java:43)
	at java.lang.reflect.Method.invoke(Method.java:606)
	at org.junit.runners.model.FrameworkMethod$1.runReflectiveCall(FrameworkMethod.java:47)
	at org.junit.internal.runners.model.ReflectiveCallable.run(ReflectiveCallable.java:12)
	at org.junit.runners.model.FrameworkMethod.invokeExplosively(FrameworkMethod.java:44)
	at org.junit.internal.runners.statements.InvokeMethod.evaluate(InvokeMethod.java:17)
	at org.junit.internal.runners.statements.RunBefores.evaluate(RunBefores.java:26)
	at org.junit.internal.runners.statements.RunAfters.evaluate(RunAfters.java:27)
	at org.junit.internal.runners.statements.FailOnTimeout$StatementThread.run(FailOnTimeout.java:74)
4 broken test method(s): Math-42f-evosuite-branch.1.tar.bz2
--- org.apache.commons.math.optimization.linear.SimplexTableau_ESTest::test07
junit.framework.AssertionFailedError: Expecting exception: NullPointerException
	at org.junit.Assert.fail(Assert.java:88)
	at org.apache.commons.math.optimization.linear.SimplexTableau_ESTest.test07(SimplexTableau_ESTest.java:139)
	at sun.reflect.NativeMethodAccessorImpl.invoke0(Native Method)
	at sun.reflect.NativeMethodAccessorImpl.invoke(NativeMethodAccessorImpl.java:57)
	at sun.reflect.DelegatingMethodAccessorImpl.invoke(DelegatingMethodAccessorImpl.java:43)
	at java.lang.reflect.Method.invoke(Method.java:606)
	at org.junit.runners.model.FrameworkMethod$1.runReflectiveCall(FrameworkMethod.java:47)
	at org.junit.internal.runners.model.ReflectiveCallable.run(ReflectiveCallable.java:12)
	at org.junit.runners.model.FrameworkMethod.invokeExplosively(FrameworkMethod.java:44)
	at org.junit.internal.runners.statements.InvokeMethod.evaluate(InvokeMethod.java:17)
	at org.junit.internal.runners.statements.RunBefores.evaluate(RunBefores.java:26)
	at org.junit.internal.runners.statements.RunAfters.evaluate(RunAfters.java:27)
	at org.junit.internal.runners.statements.FailOnTimeout$StatementThread.run(FailOnTimeout.java:74)
--- org.apache.commons.math.optimization.linear.SimplexTableau_ESTest::test12
junit.framework.AssertionFailedError: expected:<1.0> but was:<0.0>
	at org.junit.Assert.fail(Assert.java:88)
	at org.junit.Assert.failNotEquals(Assert.java:743)
	at org.junit.Assert.assertEquals(Assert.java:494)
	at org.junit.Assert.assertEquals(Assert.java:592)
	at org.apache.commons.math.optimization.linear.SimplexTableau_ESTest.test12(SimplexTableau_ESTest.java:203)
	at sun.reflect.NativeMethodAccessorImpl.invoke0(Native Method)
	at sun.reflect.NativeMethodAccessorImpl.invoke(NativeMethodAccessorImpl.java:57)
	at sun.reflect.DelegatingMethodAccessorImpl.invoke(DelegatingMethodAccessorImpl.java:43)
	at java.lang.reflect.Method.invoke(Method.java:606)
	at org.junit.runners.model.FrameworkMethod$1.runReflectiveCall(FrameworkMethod.java:47)
	at org.junit.internal.runners.model.ReflectiveCallable.run(ReflectiveCallable.java:12)
	at org.junit.runners.model.FrameworkMethod.invokeExplosively(FrameworkMethod.java:44)
	at org.junit.internal.runners.statements.InvokeMethod.evaluate(InvokeMethod.java:17)
	at org.junit.internal.runners.statements.RunBefores.evaluate(RunBefores.java:26)
	at org.junit.internal.runners.statements.RunAfters.evaluate(RunAfters.java:27)
	at org.junit.internal.runners.statements.FailOnTimeout$StatementThread.run(FailOnTimeout.java:74)
--- org.apache.commons.math.optimization.linear.SimplexTableau_ESTest::test13
junit.framework.AssertionFailedError: Expecting exception: NullPointerException
	at org.junit.Assert.fail(Assert.java:88)
	at org.apache.commons.math.optimization.linear.SimplexTableau_ESTest.test13(SimplexTableau_ESTest.java:217)
	at sun.reflect.NativeMethodAccessorImpl.invoke0(Native Method)
	at sun.reflect.NativeMethodAccessorImpl.invoke(NativeMethodAccessorImpl.java:57)
	at sun.reflect.DelegatingMethodAccessorImpl.invoke(DelegatingMethodAccessorImpl.java:43)
	at java.lang.reflect.Method.invoke(Method.java:606)
	at org.junit.runners.model.FrameworkMethod$1.runReflectiveCall(FrameworkMethod.java:47)
	at org.junit.internal.runners.model.ReflectiveCallable.run(ReflectiveCallable.java:12)
	at org.junit.runners.model.FrameworkMethod.invokeExplosively(FrameworkMethod.java:44)
	at org.junit.internal.runners.statements.InvokeMethod.evaluate(InvokeMethod.java:17)
	at org.junit.internal.runners.statements.RunBefores.evaluate(RunBefores.java:26)
	at org.junit.internal.runners.statements.RunAfters.evaluate(RunAfters.java:27)
	at org.junit.internal.runners.statements.FailOnTimeout$StatementThread.run(FailOnTimeout.java:74)
--- org.apache.commons.math.optimization.linear.SimplexTableau_ESTest::test25
junit.framework.AssertionFailedError
	at org.junit.Assert.fail(Assert.java:86)
	at org.junit.Assert.assertTrue(Assert.java:41)
	at org.junit.Assert.assertTrue(Assert.java:52)
	at org.apache.commons.math.optimization.linear.SimplexTableau_ESTest.test25(SimplexTableau_ESTest.java:381)
	at sun.reflect.NativeMethodAccessorImpl.invoke0(Native Method)
	at sun.reflect.NativeMethodAccessorImpl.invoke(NativeMethodAccessorImpl.java:57)
	at sun.reflect.DelegatingMethodAccessorImpl.invoke(DelegatingMethodAccessorImpl.java:43)
	at java.lang.reflect.Method.invoke(Method.java:606)
	at org.junit.runners.model.FrameworkMethod$1.runReflectiveCall(FrameworkMethod.java:47)
	at org.junit.internal.runners.model.ReflectiveCallable.run(ReflectiveCallable.java:12)
	at org.junit.runners.model.FrameworkMethod.invokeExplosively(FrameworkMethod.java:44)
	at org.junit.internal.runners.statements.InvokeMethod.evaluate(InvokeMethod.java:17)
	at org.junit.internal.runners.statements.RunBefores.evaluate(RunBefores.java:26)
	at org.junit.internal.runners.statements.RunAfters.evaluate(RunAfters.java:27)
	at org.junit.internal.runners.statements.FailOnTimeout$StatementThread.run(FailOnTimeout.java:74)
7 broken test method(s): Math-45f-evosuite-branch.1.tar.bz2
--- org.apache.commons.math.linear.OpenMapRealMatrix_ESTest::test04
org.evosuite.runtime.TooManyResourcesException: Loop has been executed more times than the allowed 100000
	at org.evosuite.runtime.LoopCounter.checkLoop(LoopCounter.java:82)
	at org.apache.commons.math.util.OpenIntToDoubleHashMap.containsKey(OpenIntToDoubleHashMap.java:382)
	at org.apache.commons.math.util.OpenIntToDoubleHashMap.containsKey(OpenIntToDoubleHashMap.java:209)
	at org.apache.commons.math.linear.OpenMapRealMatrix.multiply(OpenMapRealMatrix.java:197)
	at org.apache.commons.math.linear.OpenMapRealMatrix.multiply(OpenMapRealMatrix.java:151)
	at org.apache.commons.math.linear.AbstractRealMatrix.power(AbstractRealMatrix.java:204)
	at org.apache.commons.math.linear.OpenMapRealMatrix_ESTest.test04(OpenMapRealMatrix_ESTest.java:114)
	at sun.reflect.NativeMethodAccessorImpl.invoke0(Native Method)
	at sun.reflect.NativeMethodAccessorImpl.invoke(NativeMethodAccessorImpl.java:57)
	at sun.reflect.DelegatingMethodAccessorImpl.invoke(DelegatingMethodAccessorImpl.java:43)
	at java.lang.reflect.Method.invoke(Method.java:606)
	at org.junit.runners.model.FrameworkMethod$1.runReflectiveCall(FrameworkMethod.java:47)
	at org.junit.internal.runners.model.ReflectiveCallable.run(ReflectiveCallable.java:12)
	at org.junit.runners.model.FrameworkMethod.invokeExplosively(FrameworkMethod.java:44)
	at org.junit.internal.runners.statements.InvokeMethod.evaluate(InvokeMethod.java:17)
	at org.junit.internal.runners.statements.RunBefores.evaluate(RunBefores.java:26)
	at org.junit.internal.runners.statements.RunAfters.evaluate(RunAfters.java:27)
	at org.junit.internal.runners.statements.FailOnTimeout$StatementThread.run(FailOnTimeout.java:74)
--- org.apache.commons.math.linear.OpenMapRealMatrix_ESTest::test05
org.evosuite.runtime.TooManyResourcesException: Loop has been executed more times than the allowed 100000
	at org.evosuite.runtime.LoopCounter.checkLoop(LoopCounter.java:82)
	at org.apache.commons.math.linear.MatrixUtils.checkRowIndex(MatrixUtils.java:379)
	at org.apache.commons.math.linear.OpenMapRealMatrix.getEntry(OpenMapRealMatrix.java:216)
	at org.apache.commons.math.linear.AbstractRealMatrix.subtract(AbstractRealMatrix.java:95)
	at org.apache.commons.math.linear.OpenMapRealMatrix.subtract(OpenMapRealMatrix.java:120)
	at org.apache.commons.math.linear.OpenMapRealMatrix_ESTest.test05(OpenMapRealMatrix_ESTest.java:127)
	at sun.reflect.NativeMethodAccessorImpl.invoke0(Native Method)
	at sun.reflect.NativeMethodAccessorImpl.invoke(NativeMethodAccessorImpl.java:57)
	at sun.reflect.DelegatingMethodAccessorImpl.invoke(DelegatingMethodAccessorImpl.java:43)
	at java.lang.reflect.Method.invoke(Method.java:606)
	at org.junit.runners.model.FrameworkMethod$1.runReflectiveCall(FrameworkMethod.java:47)
	at org.junit.internal.runners.model.ReflectiveCallable.run(ReflectiveCallable.java:12)
	at org.junit.runners.model.FrameworkMethod.invokeExplosively(FrameworkMethod.java:44)
	at org.junit.internal.runners.statements.InvokeMethod.evaluate(InvokeMethod.java:17)
	at org.junit.internal.runners.statements.RunBefores.evaluate(RunBefores.java:26)
	at org.junit.internal.runners.statements.RunAfters.evaluate(RunAfters.java:27)
	at org.junit.internal.runners.statements.FailOnTimeout$StatementThread.run(FailOnTimeout.java:74)
--- org.apache.commons.math.linear.OpenMapRealMatrix_ESTest::test07
org.evosuite.runtime.TooManyResourcesException: Loop has been executed more times than the allowed 100000
	at org.evosuite.runtime.LoopCounter.checkLoop(LoopCounter.java:82)
	at org.apache.commons.math.linear.MatrixUtils.checkRowIndex(MatrixUtils.java:379)
	at org.apache.commons.math.linear.OpenMapRealMatrix.getEntry(OpenMapRealMatrix.java:216)
	at org.apache.commons.math.linear.AbstractRealMatrix.scalarAdd(AbstractRealMatrix.java:109)
	at org.apache.commons.math.linear.OpenMapRealMatrix_ESTest.test07(OpenMapRealMatrix_ESTest.java:164)
	at sun.reflect.NativeMethodAccessorImpl.invoke0(Native Method)
	at sun.reflect.NativeMethodAccessorImpl.invoke(NativeMethodAccessorImpl.java:57)
	at sun.reflect.DelegatingMethodAccessorImpl.invoke(DelegatingMethodAccessorImpl.java:43)
	at java.lang.reflect.Method.invoke(Method.java:606)
	at org.junit.runners.model.FrameworkMethod$1.runReflectiveCall(FrameworkMethod.java:47)
	at org.junit.internal.runners.model.ReflectiveCallable.run(ReflectiveCallable.java:12)
	at org.junit.runners.model.FrameworkMethod.invokeExplosively(FrameworkMethod.java:44)
	at org.junit.internal.runners.statements.InvokeMethod.evaluate(InvokeMethod.java:17)
	at org.junit.internal.runners.statements.RunBefores.evaluate(RunBefores.java:26)
	at org.junit.internal.runners.statements.RunAfters.evaluate(RunAfters.java:27)
	at org.junit.internal.runners.statements.FailOnTimeout$StatementThread.run(FailOnTimeout.java:74)
--- org.apache.commons.math.linear.OpenMapRealMatrix_ESTest::test08
org.evosuite.runtime.TooManyResourcesException: Loop has been executed more times than the allowed 100000
	at org.evosuite.runtime.LoopCounter.checkLoop(LoopCounter.java:82)
	at org.apache.commons.math.util.OpenIntToDoubleHashMap.containsKey(OpenIntToDoubleHashMap.java:382)
	at org.apache.commons.math.util.OpenIntToDoubleHashMap.containsKey(OpenIntToDoubleHashMap.java:209)
	at org.apache.commons.math.linear.OpenMapRealMatrix.multiply(OpenMapRealMatrix.java:197)
	at org.apache.commons.math.linear.OpenMapRealMatrix.multiply(OpenMapRealMatrix.java:151)
	at org.apache.commons.math.linear.AbstractRealMatrix.power(AbstractRealMatrix.java:204)
	at org.apache.commons.math.linear.OpenMapRealMatrix_ESTest.test08(OpenMapRealMatrix_ESTest.java:181)
	at sun.reflect.NativeMethodAccessorImpl.invoke0(Native Method)
	at sun.reflect.NativeMethodAccessorImpl.invoke(NativeMethodAccessorImpl.java:57)
	at sun.reflect.DelegatingMethodAccessorImpl.invoke(DelegatingMethodAccessorImpl.java:43)
	at java.lang.reflect.Method.invoke(Method.java:606)
	at org.junit.runners.model.FrameworkMethod$1.runReflectiveCall(FrameworkMethod.java:47)
	at org.junit.internal.runners.model.ReflectiveCallable.run(ReflectiveCallable.java:12)
	at org.junit.runners.model.FrameworkMethod.invokeExplosively(FrameworkMethod.java:44)
	at org.junit.internal.runners.statements.InvokeMethod.evaluate(InvokeMethod.java:17)
	at org.junit.internal.runners.statements.RunBefores.evaluate(RunBefores.java:26)
	at org.junit.internal.runners.statements.RunAfters.evaluate(RunAfters.java:27)
	at org.junit.internal.runners.statements.FailOnTimeout$StatementThread.run(FailOnTimeout.java:74)
--- org.apache.commons.math.linear.OpenMapRealMatrix_ESTest::test10
org.evosuite.runtime.TooManyResourcesException: Loop has been executed more times than the allowed 100000
	at org.evosuite.runtime.LoopCounter.checkLoop(LoopCounter.java:82)
	at org.apache.commons.math.util.OpenIntToDoubleHashMap.containsKey(OpenIntToDoubleHashMap.java:382)
	at org.apache.commons.math.util.OpenIntToDoubleHashMap.get(OpenIntToDoubleHashMap.java:179)
	at org.apache.commons.math.linear.OpenMapRealMatrix.multiply(OpenMapRealMatrix.java:199)
	at org.apache.commons.math.linear.OpenMapRealMatrix.multiply(OpenMapRealMatrix.java:151)
	at org.apache.commons.math.linear.AbstractRealMatrix.power(AbstractRealMatrix.java:204)
	at org.apache.commons.math.linear.OpenMapRealMatrix_ESTest.test10(OpenMapRealMatrix_ESTest.java:230)
	at sun.reflect.NativeMethodAccessorImpl.invoke0(Native Method)
	at sun.reflect.NativeMethodAccessorImpl.invoke(NativeMethodAccessorImpl.java:57)
	at sun.reflect.DelegatingMethodAccessorImpl.invoke(DelegatingMethodAccessorImpl.java:43)
	at java.lang.reflect.Method.invoke(Method.java:606)
	at org.junit.runners.model.FrameworkMethod$1.runReflectiveCall(FrameworkMethod.java:47)
	at org.junit.internal.runners.model.ReflectiveCallable.run(ReflectiveCallable.java:12)
	at org.junit.runners.model.FrameworkMethod.invokeExplosively(FrameworkMethod.java:44)
	at org.junit.internal.runners.statements.InvokeMethod.evaluate(InvokeMethod.java:17)
	at org.junit.internal.runners.statements.RunBefores.evaluate(RunBefores.java:26)
	at org.junit.internal.runners.statements.RunAfters.evaluate(RunAfters.java:27)
	at org.junit.internal.runners.statements.FailOnTimeout$StatementThread.run(FailOnTimeout.java:74)
--- org.apache.commons.math.linear.OpenMapRealMatrix_ESTest::test12
org.evosuite.runtime.TooManyResourcesException: Loop has been executed more times than the allowed 100000
	at org.evosuite.runtime.LoopCounter.checkLoop(LoopCounter.java:82)
	at org.apache.commons.math.util.OpenIntToDoubleHashMap.containsKey(OpenIntToDoubleHashMap.java:382)
	at org.apache.commons.math.util.OpenIntToDoubleHashMap.remove(OpenIntToDoubleHashMap.java:353)
	at org.apache.commons.math.linear.OpenMapRealMatrix.setEntry(OpenMapRealMatrix.java:233)
	at org.apache.commons.math.linear.AbstractRealMatrix.scalarMultiply(AbstractRealMatrix.java:123)
	at org.apache.commons.math.linear.OpenMapRealMatrix_ESTest.test12(OpenMapRealMatrix_ESTest.java:275)
	at sun.reflect.NativeMethodAccessorImpl.invoke0(Native Method)
	at sun.reflect.NativeMethodAccessorImpl.invoke(NativeMethodAccessorImpl.java:57)
	at sun.reflect.DelegatingMethodAccessorImpl.invoke(DelegatingMethodAccessorImpl.java:43)
	at java.lang.reflect.Method.invoke(Method.java:606)
	at org.junit.runners.model.FrameworkMethod$1.runReflectiveCall(FrameworkMethod.java:47)
	at org.junit.internal.runners.model.ReflectiveCallable.run(ReflectiveCallable.java:12)
	at org.junit.runners.model.FrameworkMethod.invokeExplosively(FrameworkMethod.java:44)
	at org.junit.internal.runners.statements.InvokeMethod.evaluate(InvokeMethod.java:17)
	at org.junit.internal.runners.statements.RunBefores.evaluate(RunBefores.java:26)
	at org.junit.internal.runners.statements.RunAfters.evaluate(RunAfters.java:27)
	at org.junit.internal.runners.statements.FailOnTimeout$StatementThread.run(FailOnTimeout.java:74)
--- org.apache.commons.math.linear.OpenMapRealMatrix_ESTest::test13
org.apache.commons.math.exception.OutOfRangeException: row index (2,147,483,646)
1 broken test method(s): Math-52f-evosuite-branch.1.tar.bz2
--- org.apache.commons.math.geometry.euclidean.threed.Rotation_ESTest::test28
java.lang.NoClassDefFoundError: Could not initialize class org.apache.commons.math.util.FastMath
	at org.apache.commons.math.geometry.euclidean.threed.Rotation.getAngles(Rotation.java:585)
	at org.apache.commons.math.geometry.euclidean.threed.Rotation_ESTest.test28(Rotation_ESTest.java:416)
	at sun.reflect.NativeMethodAccessorImpl.invoke0(Native Method)
	at sun.reflect.NativeMethodAccessorImpl.invoke(NativeMethodAccessorImpl.java:57)
	at sun.reflect.DelegatingMethodAccessorImpl.invoke(DelegatingMethodAccessorImpl.java:43)
	at java.lang.reflect.Method.invoke(Method.java:606)
	at org.junit.runners.model.FrameworkMethod$1.runReflectiveCall(FrameworkMethod.java:47)
	at org.junit.internal.runners.model.ReflectiveCallable.run(ReflectiveCallable.java:12)
	at org.junit.runners.model.FrameworkMethod.invokeExplosively(FrameworkMethod.java:44)
	at org.junit.internal.runners.statements.InvokeMethod.evaluate(InvokeMethod.java:17)
	at org.junit.internal.runners.statements.RunBefores.evaluate(RunBefores.java:26)
	at org.junit.internal.runners.statements.RunAfters.evaluate(RunAfters.java:27)
	at org.junit.internal.runners.statements.FailOnTimeout$StatementThread.run(FailOnTimeout.java:74)
1 broken test method(s): Math-69f-evosuite-branch.1.tar.bz2
--- org.apache.commons.math.stat.correlation.PearsonsCorrelation_ESTest::test2
org.evosuite.runtime.TooManyResourcesException: Loop has been executed more times than the allowed 100000
	at org.evosuite.runtime.LoopCounter.checkLoop(LoopCounter.java:82)
	at org.apache.commons.math.linear.MatrixUtils.checkRowIndex(MatrixUtils.java:530)
	at org.apache.commons.math.linear.OpenMapRealMatrix.getEntry(OpenMapRealMatrix.java:227)
	at org.apache.commons.math.stat.correlation.PearsonsCorrelation.covarianceToCorrelation(PearsonsCorrelation.java:257)
	at org.apache.commons.math.stat.correlation.PearsonsCorrelation.<init>(PearsonsCorrelation.java:110)
	at org.apache.commons.math.stat.correlation.PearsonsCorrelation_ESTest.test2(PearsonsCorrelation_ESTest.java:49)
	at sun.reflect.NativeMethodAccessorImpl.invoke0(Native Method)
	at sun.reflect.NativeMethodAccessorImpl.invoke(NativeMethodAccessorImpl.java:57)
	at sun.reflect.DelegatingMethodAccessorImpl.invoke(DelegatingMethodAccessorImpl.java:43)
	at java.lang.reflect.Method.invoke(Method.java:606)
	at org.junit.runners.model.FrameworkMethod$1.runReflectiveCall(FrameworkMethod.java:47)
	at org.junit.internal.runners.model.ReflectiveCallable.run(ReflectiveCallable.java:12)
	at org.junit.runners.model.FrameworkMethod.invokeExplosively(FrameworkMethod.java:44)
	at org.junit.internal.runners.statements.InvokeMethod.evaluate(InvokeMethod.java:17)
	at org.junit.internal.runners.statements.RunBefores.evaluate(RunBefores.java:26)
	at org.junit.internal.runners.statements.RunAfters.evaluate(RunAfters.java:27)
	at org.junit.internal.runners.statements.FailOnTimeout$StatementThread.run(FailOnTimeout.java:74)
4 broken test method(s): Math-63f-evosuite-branch.1.tar.bz2
--- org.apache.commons.math.util.MathUtils_ESTest::test016
junit.framework.AssertionFailedError: Expecting exception: ArithmeticException
	at org.junit.Assert.fail(Assert.java:88)
	at org.apache.commons.math.util.MathUtils_ESTest.test016(MathUtils_ESTest.java:198)
	at sun.reflect.NativeMethodAccessorImpl.invoke0(Native Method)
	at sun.reflect.NativeMethodAccessorImpl.invoke(NativeMethodAccessorImpl.java:57)
	at sun.reflect.DelegatingMethodAccessorImpl.invoke(DelegatingMethodAccessorImpl.java:43)
	at java.lang.reflect.Method.invoke(Method.java:606)
	at org.junit.runners.model.FrameworkMethod$1.runReflectiveCall(FrameworkMethod.java:47)
	at org.junit.internal.runners.model.ReflectiveCallable.run(ReflectiveCallable.java:12)
	at org.junit.runners.model.FrameworkMethod.invokeExplosively(FrameworkMethod.java:44)
	at org.junit.internal.runners.statements.InvokeMethod.evaluate(InvokeMethod.java:17)
	at org.junit.internal.runners.statements.RunBefores.evaluate(RunBefores.java:26)
	at org.junit.internal.runners.statements.RunAfters.evaluate(RunAfters.java:27)
	at org.junit.internal.runners.statements.FailOnTimeout$StatementThread.run(FailOnTimeout.java:74)
--- org.apache.commons.math.util.MathUtils_ESTest::test042
java.lang.NoClassDefFoundError: Could not initialize class org.apache.commons.math.util.FastMath
	at org.apache.commons.math.util.MathUtils.equals(MathUtils.java:492)
	at org.apache.commons.math.util.MathUtils.equalsIncludingNaN(MathUtils.java:509)
	at org.apache.commons.math.util.MathUtils_ESTest.test042(MathUtils_ESTest.java:443)
	at sun.reflect.NativeMethodAccessorImpl.invoke0(Native Method)
	at sun.reflect.NativeMethodAccessorImpl.invoke(NativeMethodAccessorImpl.java:57)
	at sun.reflect.DelegatingMethodAccessorImpl.invoke(DelegatingMethodAccessorImpl.java:43)
	at java.lang.reflect.Method.invoke(Method.java:606)
	at org.junit.runners.model.FrameworkMethod$1.runReflectiveCall(FrameworkMethod.java:47)
	at org.junit.internal.runners.model.ReflectiveCallable.run(ReflectiveCallable.java:12)
	at org.junit.runners.model.FrameworkMethod.invokeExplosively(FrameworkMethod.java:44)
	at org.junit.internal.runners.statements.InvokeMethod.evaluate(InvokeMethod.java:17)
	at org.junit.internal.runners.statements.RunBefores.evaluate(RunBefores.java:26)
	at org.junit.internal.runners.statements.RunAfters.evaluate(RunAfters.java:27)
	at org.junit.internal.runners.statements.FailOnTimeout$StatementThread.run(FailOnTimeout.java:74)
--- org.apache.commons.math.util.MathUtils_ESTest::test043
java.lang.NoClassDefFoundError: Could not initialize class org.apache.commons.math.util.FastMath
	at org.apache.commons.math.util.MathUtils.equals(MathUtils.java:492)
	at org.apache.commons.math.util.MathUtils_ESTest.test043(MathUtils_ESTest.java:457)
	at sun.reflect.NativeMethodAccessorImpl.invoke0(Native Method)
	at sun.reflect.NativeMethodAccessorImpl.invoke(NativeMethodAccessorImpl.java:57)
	at sun.reflect.DelegatingMethodAccessorImpl.invoke(DelegatingMethodAccessorImpl.java:43)
	at java.lang.reflect.Method.invoke(Method.java:606)
	at org.junit.runners.model.FrameworkMethod$1.runReflectiveCall(FrameworkMethod.java:47)
	at org.junit.internal.runners.model.ReflectiveCallable.run(ReflectiveCallable.java:12)
	at org.junit.runners.model.FrameworkMethod.invokeExplosively(FrameworkMethod.java:44)
	at org.junit.internal.runners.statements.InvokeMethod.evaluate(InvokeMethod.java:17)
	at org.junit.internal.runners.statements.RunBefores.evaluate(RunBefores.java:26)
	at org.junit.internal.runners.statements.RunAfters.evaluate(RunAfters.java:27)
	at org.junit.internal.runners.statements.FailOnTimeout$StatementThread.run(FailOnTimeout.java:74)
--- org.apache.commons.math.util.MathUtils_ESTest::test046
java.lang.NoClassDefFoundError: Could not initialize class org.apache.commons.math.util.FastMath
	at org.apache.commons.math.util.MathUtils.equals(MathUtils.java:492)
	at org.apache.commons.math.util.MathUtils.equalsIncludingNaN(MathUtils.java:509)
	at org.apache.commons.math.util.MathUtils_ESTest.test046(MathUtils_ESTest.java:495)
	at sun.reflect.NativeMethodAccessorImpl.invoke0(Native Method)
	at sun.reflect.NativeMethodAccessorImpl.invoke(NativeMethodAccessorImpl.java:57)
	at sun.reflect.DelegatingMethodAccessorImpl.invoke(DelegatingMethodAccessorImpl.java:43)
	at java.lang.reflect.Method.invoke(Method.java:606)
	at org.junit.runners.model.FrameworkMethod$1.runReflectiveCall(FrameworkMethod.java:47)
	at org.junit.internal.runners.model.ReflectiveCallable.run(ReflectiveCallable.java:12)
	at org.junit.runners.model.FrameworkMethod.invokeExplosively(FrameworkMethod.java:44)
	at org.junit.internal.runners.statements.InvokeMethod.evaluate(InvokeMethod.java:17)
	at org.junit.internal.runners.statements.RunBefores.evaluate(RunBefores.java:26)
	at org.junit.internal.runners.statements.RunAfters.evaluate(RunAfters.java:27)
	at org.junit.internal.runners.statements.FailOnTimeout$StatementThread.run(FailOnTimeout.java:74)
1 broken test method(s): Math-79f-evosuite-branch.1.tar.bz2
--- org.apache.commons.math.util.MathUtils_ESTest::test015
junit.framework.AssertionFailedError: Expecting exception: ArithmeticException
	at org.junit.Assert.fail(Assert.java:88)
	at org.apache.commons.math.util.MathUtils_ESTest.test015(MathUtils_ESTest.java:143)
	at sun.reflect.NativeMethodAccessorImpl.invoke0(Native Method)
	at sun.reflect.NativeMethodAccessorImpl.invoke(NativeMethodAccessorImpl.java:57)
	at sun.reflect.DelegatingMethodAccessorImpl.invoke(DelegatingMethodAccessorImpl.java:43)
	at java.lang.reflect.Method.invoke(Method.java:606)
	at org.junit.runners.model.FrameworkMethod$1.runReflectiveCall(FrameworkMethod.java:47)
	at org.junit.internal.runners.model.ReflectiveCallable.run(ReflectiveCallable.java:12)
	at org.junit.runners.model.FrameworkMethod.invokeExplosively(FrameworkMethod.java:44)
	at org.junit.internal.runners.statements.InvokeMethod.evaluate(InvokeMethod.java:17)
	at org.junit.internal.runners.statements.RunBefores.evaluate(RunBefores.java:26)
	at org.junit.internal.runners.statements.RunAfters.evaluate(RunAfters.java:27)
	at org.junit.internal.runners.statements.FailOnTimeout$StatementThread.run(FailOnTimeout.java:74)
2 broken test method(s): Math-83f-evosuite-branch.1.tar.bz2
--- org.apache.commons.math.optimization.linear.SimplexTableau_ESTest::test07
java.lang.NullPointerException
	at org.apache.commons.math.optimization.linear.SimplexTableau.initialize(SimplexTableau.java:249)
	at org.apache.commons.math.optimization.linear.SimplexTableau.<init>(SimplexTableau.java:115)
	at org.apache.commons.math.optimization.linear.SimplexTableau_ESTest.test07(SimplexTableau_ESTest.java:127)
	at sun.reflect.NativeMethodAccessorImpl.invoke0(Native Method)
	at sun.reflect.NativeMethodAccessorImpl.invoke(NativeMethodAccessorImpl.java:57)
	at sun.reflect.DelegatingMethodAccessorImpl.invoke(DelegatingMethodAccessorImpl.java:43)
	at java.lang.reflect.Method.invoke(Method.java:606)
	at org.junit.runners.model.FrameworkMethod$1.runReflectiveCall(FrameworkMethod.java:47)
	at org.junit.internal.runners.model.ReflectiveCallable.run(ReflectiveCallable.java:12)
	at org.junit.runners.model.FrameworkMethod.invokeExplosively(FrameworkMethod.java:44)
	at org.junit.internal.runners.statements.InvokeMethod.evaluate(InvokeMethod.java:17)
	at org.junit.internal.runners.statements.RunBefores.evaluate(RunBefores.java:26)
	at org.junit.internal.runners.statements.RunAfters.evaluate(RunAfters.java:27)
	at org.junit.internal.runners.statements.FailOnTimeout$StatementThread.run(FailOnTimeout.java:74)
--- org.apache.commons.math.optimization.linear.SimplexTableau_ESTest::test09
org.apache.commons.math.MathRuntimeException$7: iterator exhausted
	at org.apache.commons.math.MathRuntimeException.createNoSuchElementException(MathRuntimeException.java:364)
	at org.apache.commons.math.util.OpenIntToDoubleHashMap$Iterator.key(OpenIntToDoubleHashMap.java:529)
	at org.apache.commons.math.linear.OpenMapRealVector.dotProduct(OpenMapRealVector.java:327)
	at org.apache.commons.math.optimization.linear.LinearObjectiveFunction.getValue(LinearObjectiveFunction.java:92)
	at org.apache.commons.math.optimization.linear.SimplexTableau.getSolution(SimplexTableau.java:357)
	at org.apache.commons.math.optimization.linear.SimplexTableau_ESTest.test09(SimplexTableau_ESTest.java:153)
	at sun.reflect.NativeMethodAccessorImpl.invoke0(Native Method)
	at sun.reflect.NativeMethodAccessorImpl.invoke(NativeMethodAccessorImpl.java:57)
	at sun.reflect.DelegatingMethodAccessorImpl.invoke(DelegatingMethodAccessorImpl.java:43)
	at java.lang.reflect.Method.invoke(Method.java:606)
	at org.junit.runners.model.FrameworkMethod$1.runReflectiveCall(FrameworkMethod.java:47)
	at org.junit.internal.runners.model.ReflectiveCallable.run(ReflectiveCallable.java:12)
	at org.junit.runners.model.FrameworkMethod.invokeExplosively(FrameworkMethod.java:44)
	at org.junit.internal.runners.statements.InvokeMethod.evaluate(InvokeMethod.java:17)
	at org.junit.internal.runners.statements.RunBefores.evaluate(RunBefores.java:26)
	at org.junit.internal.runners.statements.RunAfters.evaluate(RunAfters.java:27)
	at org.junit.internal.runners.statements.FailOnTimeout$StatementThread.run(FailOnTimeout.java:74)
8 broken test method(s): Math-81f-evosuite-branch.1.tar.bz2
--- org.apache.commons.math.linear.EigenDecompositionImpl_ESTest::test02
org.evosuite.runtime.TooManyResourcesException: Loop has been executed more times than the allowed 100000
	at org.evosuite.runtime.LoopCounter.checkLoop(LoopCounter.java:82)
	at org.apache.commons.math.linear.BlockRealMatrix.operate(BlockRealMatrix.java:1378)
	at org.apache.commons.math.linear.EigenDecompositionImpl.findEigenvector(EigenDecompositionImpl.java:1781)
	at org.apache.commons.math.linear.EigenDecompositionImpl.findEigenVectors(EigenDecompositionImpl.java:1720)
	at org.apache.commons.math.linear.EigenDecompositionImpl.getV(EigenDecompositionImpl.java:260)
	at org.apache.commons.math.linear.EigenDecompositionImpl_ESTest.test02(EigenDecompositionImpl_ESTest.java:57)
	at sun.reflect.NativeMethodAccessorImpl.invoke0(Native Method)
	at sun.reflect.NativeMethodAccessorImpl.invoke(NativeMethodAccessorImpl.java:57)
	at sun.reflect.DelegatingMethodAccessorImpl.invoke(DelegatingMethodAccessorImpl.java:43)
	at java.lang.reflect.Method.invoke(Method.java:606)
	at org.junit.runners.model.FrameworkMethod$1.runReflectiveCall(FrameworkMethod.java:47)
	at org.junit.internal.runners.model.ReflectiveCallable.run(ReflectiveCallable.java:12)
	at org.junit.runners.model.FrameworkMethod.invokeExplosively(FrameworkMethod.java:44)
	at org.junit.internal.runners.statements.InvokeMethod.evaluate(InvokeMethod.java:17)
	at org.junit.internal.runners.statements.RunBefores.evaluate(RunBefores.java:26)
	at org.junit.internal.runners.statements.RunAfters.evaluate(RunAfters.java:27)
	at org.junit.internal.runners.statements.FailOnTimeout$StatementThread.run(FailOnTimeout.java:74)
--- org.apache.commons.math.linear.EigenDecompositionImpl_ESTest::test16
org.apache.commons.math.linear.InvalidMatrixException: 
Caused by: org.apache.commons.math.MaxIterationsExceededException: Maximal number of iterations (240) exceeded
--- org.apache.commons.math.linear.EigenDecompositionImpl_ESTest::test40
org.evosuite.runtime.TooManyResourcesException: Loop has been executed more times than the allowed 100000
	at org.evosuite.runtime.LoopCounter.checkLoop(LoopCounter.java:82)
	at org.apache.commons.math.linear.BlockRealMatrix.operate(BlockRealMatrix.java:1378)
	at org.apache.commons.math.linear.EigenDecompositionImpl.findEigenvector(EigenDecompositionImpl.java:1781)
	at org.apache.commons.math.linear.EigenDecompositionImpl.findEigenVectors(EigenDecompositionImpl.java:1720)
	at org.apache.commons.math.linear.EigenDecompositionImpl.getVT(EigenDecompositionImpl.java:293)
	at org.apache.commons.math.linear.EigenDecompositionImpl_ESTest.test40(EigenDecompositionImpl_ESTest.java:1062)
	at sun.reflect.NativeMethodAccessorImpl.invoke0(Native Method)
	at sun.reflect.NativeMethodAccessorImpl.invoke(NativeMethodAccessorImpl.java:57)
	at sun.reflect.DelegatingMethodAccessorImpl.invoke(DelegatingMethodAccessorImpl.java:43)
	at java.lang.reflect.Method.invoke(Method.java:606)
	at org.junit.runners.model.FrameworkMethod$1.runReflectiveCall(FrameworkMethod.java:47)
	at org.junit.internal.runners.model.ReflectiveCallable.run(ReflectiveCallable.java:12)
	at org.junit.runners.model.FrameworkMethod.invokeExplosively(FrameworkMethod.java:44)
	at org.junit.internal.runners.statements.InvokeMethod.evaluate(InvokeMethod.java:17)
	at org.junit.internal.runners.statements.RunBefores.evaluate(RunBefores.java:26)
	at org.junit.internal.runners.statements.RunAfters.evaluate(RunAfters.java:27)
	at org.junit.internal.runners.statements.FailOnTimeout$StatementThread.run(FailOnTimeout.java:74)
--- org.apache.commons.math.linear.EigenDecompositionImpl_ESTest::test54
junit.framework.AssertionFailedError: Expecting exception: RuntimeException
	at org.junit.Assert.fail(Assert.java:88)
	at org.apache.commons.math.linear.EigenDecompositionImpl_ESTest.test54(EigenDecompositionImpl_ESTest.java:1455)
	at sun.reflect.NativeMethodAccessorImpl.invoke0(Native Method)
	at sun.reflect.NativeMethodAccessorImpl.invoke(NativeMethodAccessorImpl.java:57)
	at sun.reflect.DelegatingMethodAccessorImpl.invoke(DelegatingMethodAccessorImpl.java:43)
	at java.lang.reflect.Method.invoke(Method.java:606)
	at org.junit.runners.model.FrameworkMethod$1.runReflectiveCall(FrameworkMethod.java:47)
	at org.junit.internal.runners.model.ReflectiveCallable.run(ReflectiveCallable.java:12)
	at org.junit.runners.model.FrameworkMethod.invokeExplosively(FrameworkMethod.java:44)
	at org.junit.internal.runners.statements.InvokeMethod.evaluate(InvokeMethod.java:17)
	at org.junit.internal.runners.statements.RunBefores.evaluate(RunBefores.java:26)
	at org.junit.internal.runners.statements.RunAfters.evaluate(RunAfters.java:27)
	at org.junit.internal.runners.statements.FailOnTimeout$StatementThread.run(FailOnTimeout.java:74)
--- org.apache.commons.math.linear.EigenDecompositionImpl_ESTest::test62
org.apache.commons.math.linear.InvalidMatrixException: 
Caused by: org.apache.commons.math.MaxIterationsExceededException: Maximal number of iterations (240) exceeded
--- org.apache.commons.math.linear.EigenDecompositionImpl_ESTest::test64
org.apache.commons.math.linear.InvalidMatrixException: 
Caused by: org.apache.commons.math.MaxIterationsExceededException: Maximal number of iterations (300) exceeded
--- org.apache.commons.math.linear.EigenDecompositionImpl_ESTest::test80
org.apache.commons.math.linear.InvalidMatrixException: 
Caused by: org.apache.commons.math.MaxIterationsExceededException: Maximal number of iterations (90) exceeded
--- org.apache.commons.math.linear.EigenDecompositionImpl_ESTest::test84
org.apache.commons.math.linear.InvalidMatrixException: 
Caused by: org.apache.commons.math.MaxIterationsExceededException: Maximal number of iterations (180) exceeded
3 broken test method(s): Math-87f-evosuite-branch.1.tar.bz2
--- org.apache.commons.math.optimization.linear.SimplexTableau_ESTest::test08
junit.framework.AssertionFailedError: Expecting exception: ArrayIndexOutOfBoundsException
	at org.junit.Assert.fail(Assert.java:88)
	at org.apache.commons.math.optimization.linear.SimplexTableau_ESTest.test08(SimplexTableau_ESTest.java:145)
	at sun.reflect.NativeMethodAccessorImpl.invoke0(Native Method)
	at sun.reflect.NativeMethodAccessorImpl.invoke(NativeMethodAccessorImpl.java:57)
	at sun.reflect.DelegatingMethodAccessorImpl.invoke(DelegatingMethodAccessorImpl.java:43)
	at java.lang.reflect.Method.invoke(Method.java:606)
	at org.junit.runners.model.FrameworkMethod$1.runReflectiveCall(FrameworkMethod.java:47)
	at org.junit.internal.runners.model.ReflectiveCallable.run(ReflectiveCallable.java:12)
	at org.junit.runners.model.FrameworkMethod.invokeExplosively(FrameworkMethod.java:44)
	at org.junit.internal.runners.statements.InvokeMethod.evaluate(InvokeMethod.java:17)
	at org.junit.internal.runners.statements.RunBefores.evaluate(RunBefores.java:26)
	at org.junit.internal.runners.statements.RunAfters.evaluate(RunAfters.java:27)
	at org.junit.internal.runners.statements.FailOnTimeout$StatementThread.run(FailOnTimeout.java:74)
--- org.apache.commons.math.optimization.linear.SimplexTableau_ESTest::test09
org.apache.commons.math.MathRuntimeException$7: iterator exhausted
	at org.apache.commons.math.MathRuntimeException.createNoSuchElementException(MathRuntimeException.java:364)
	at org.apache.commons.math.util.OpenIntToDoubleHashMap$Iterator.key(OpenIntToDoubleHashMap.java:529)
	at org.apache.commons.math.linear.OpenMapRealVector.dotProduct(OpenMapRealVector.java:327)
	at org.apache.commons.math.optimization.linear.LinearObjectiveFunction.getValue(LinearObjectiveFunction.java:92)
	at org.apache.commons.math.optimization.linear.SimplexTableau.getSolution(SimplexTableau.java:341)
	at org.apache.commons.math.optimization.linear.SimplexTableau_ESTest.test09(SimplexTableau_ESTest.java:170)
	at sun.reflect.NativeMethodAccessorImpl.invoke0(Native Method)
	at sun.reflect.NativeMethodAccessorImpl.invoke(NativeMethodAccessorImpl.java:57)
	at sun.reflect.DelegatingMethodAccessorImpl.invoke(DelegatingMethodAccessorImpl.java:43)
	at java.lang.reflect.Method.invoke(Method.java:606)
	at org.junit.runners.model.FrameworkMethod$1.runReflectiveCall(FrameworkMethod.java:47)
	at org.junit.internal.runners.model.ReflectiveCallable.run(ReflectiveCallable.java:12)
	at org.junit.runners.model.FrameworkMethod.invokeExplosively(FrameworkMethod.java:44)
	at org.junit.internal.runners.statements.InvokeMethod.evaluate(InvokeMethod.java:17)
	at org.junit.internal.runners.statements.RunBefores.evaluate(RunBefores.java:26)
	at org.junit.internal.runners.statements.RunAfters.evaluate(RunAfters.java:27)
	at org.junit.internal.runners.statements.FailOnTimeout$StatementThread.run(FailOnTimeout.java:74)
--- org.apache.commons.math.optimization.linear.SimplexTableau_ESTest::test12
junit.framework.AssertionFailedError: Expecting exception: NullPointerException
	at org.junit.Assert.fail(Assert.java:88)
	at org.apache.commons.math.optimization.linear.SimplexTableau_ESTest.test12(SimplexTableau_ESTest.java:214)
	at sun.reflect.NativeMethodAccessorImpl.invoke0(Native Method)
	at sun.reflect.NativeMethodAccessorImpl.invoke(NativeMethodAccessorImpl.java:57)
	at sun.reflect.DelegatingMethodAccessorImpl.invoke(DelegatingMethodAccessorImpl.java:43)
	at java.lang.reflect.Method.invoke(Method.java:606)
	at org.junit.runners.model.FrameworkMethod$1.runReflectiveCall(FrameworkMethod.java:47)
	at org.junit.internal.runners.model.ReflectiveCallable.run(ReflectiveCallable.java:12)
	at org.junit.runners.model.FrameworkMethod.invokeExplosively(FrameworkMethod.java:44)
	at org.junit.internal.runners.statements.InvokeMethod.evaluate(InvokeMethod.java:17)
	at org.junit.internal.runners.statements.RunBefores.evaluate(RunBefores.java:26)
	at org.junit.internal.runners.statements.RunAfters.evaluate(RunAfters.java:27)
	at org.junit.internal.runners.statements.FailOnTimeout$StatementThread.run(FailOnTimeout.java:74)
2 broken test method(s): Math-88f-evosuite-branch.1.tar.bz2
--- org.apache.commons.math.optimization.linear.SimplexTableau_ESTest::test06
junit.framework.AssertionFailedError: Expecting exception: NullPointerException
	at org.junit.Assert.fail(Assert.java:88)
	at org.apache.commons.math.optimization.linear.SimplexTableau_ESTest.test06(SimplexTableau_ESTest.java:121)
	at sun.reflect.NativeMethodAccessorImpl.invoke0(Native Method)
	at sun.reflect.NativeMethodAccessorImpl.invoke(NativeMethodAccessorImpl.java:57)
	at sun.reflect.DelegatingMethodAccessorImpl.invoke(DelegatingMethodAccessorImpl.java:43)
	at java.lang.reflect.Method.invoke(Method.java:606)
	at org.junit.runners.model.FrameworkMethod$1.runReflectiveCall(FrameworkMethod.java:47)
	at org.junit.internal.runners.model.ReflectiveCallable.run(ReflectiveCallable.java:12)
	at org.junit.runners.model.FrameworkMethod.invokeExplosively(FrameworkMethod.java:44)
	at org.junit.internal.runners.statements.InvokeMethod.evaluate(InvokeMethod.java:17)
	at org.junit.internal.runners.statements.RunBefores.evaluate(RunBefores.java:26)
	at org.junit.internal.runners.statements.RunAfters.evaluate(RunAfters.java:27)
	at org.junit.internal.runners.statements.FailOnTimeout$StatementThread.run(FailOnTimeout.java:74)
--- org.apache.commons.math.optimization.linear.SimplexTableau_ESTest::test10
junit.framework.AssertionFailedError: Expecting exception: NullPointerException
	at org.junit.Assert.fail(Assert.java:88)
	at org.apache.commons.math.optimization.linear.SimplexTableau_ESTest.test10(SimplexTableau_ESTest.java:179)
	at sun.reflect.NativeMethodAccessorImpl.invoke0(Native Method)
	at sun.reflect.NativeMethodAccessorImpl.invoke(NativeMethodAccessorImpl.java:57)
	at sun.reflect.DelegatingMethodAccessorImpl.invoke(DelegatingMethodAccessorImpl.java:43)
	at java.lang.reflect.Method.invoke(Method.java:606)
	at org.junit.runners.model.FrameworkMethod$1.runReflectiveCall(FrameworkMethod.java:47)
	at org.junit.internal.runners.model.ReflectiveCallable.run(ReflectiveCallable.java:12)
	at org.junit.runners.model.FrameworkMethod.invokeExplosively(FrameworkMethod.java:44)
	at org.junit.internal.runners.statements.InvokeMethod.evaluate(InvokeMethod.java:17)
	at org.junit.internal.runners.statements.RunBefores.evaluate(RunBefores.java:26)
	at org.junit.internal.runners.statements.RunAfters.evaluate(RunAfters.java:27)
	at org.junit.internal.runners.statements.FailOnTimeout$StatementThread.run(FailOnTimeout.java:74)
1 broken test method(s): Math-103f-evosuite-branch.1.tar.bz2
--- org.apache.commons.math.distribution.NormalDistributionImpl_ESTest::test03
junit.framework.AssertionFailedError: Expecting exception: Exception
	at org.junit.Assert.fail(Assert.java:88)
	at org.apache.commons.math.distribution.NormalDistributionImpl_ESTest.test03(NormalDistributionImpl_ESTest.java:60)
	at sun.reflect.NativeMethodAccessorImpl.invoke0(Native Method)
	at sun.reflect.NativeMethodAccessorImpl.invoke(NativeMethodAccessorImpl.java:57)
	at sun.reflect.DelegatingMethodAccessorImpl.invoke(DelegatingMethodAccessorImpl.java:43)
	at java.lang.reflect.Method.invoke(Method.java:606)
	at org.junit.runners.model.FrameworkMethod$1.runReflectiveCall(FrameworkMethod.java:47)
	at org.junit.internal.runners.model.ReflectiveCallable.run(ReflectiveCallable.java:12)
	at org.junit.runners.model.FrameworkMethod.invokeExplosively(FrameworkMethod.java:44)
	at org.junit.internal.runners.statements.InvokeMethod.evaluate(InvokeMethod.java:17)
	at org.junit.internal.runners.statements.RunBefores.evaluate(RunBefores.java:26)
	at org.junit.internal.runners.statements.RunAfters.evaluate(RunAfters.java:27)
	at org.junit.internal.runners.statements.FailOnTimeout$StatementThread.run(FailOnTimeout.java:74)
1 broken test method(s): Math-77f-evosuite-branch.1.tar.bz2
--- org.apache.commons.math.linear.OpenMapRealVector_ESTest::test26
junit.framework.AssertionFailedError: expected:<NaN> but was:<0.0>
	at org.junit.Assert.fail(Assert.java:88)
	at org.junit.Assert.failNotEquals(Assert.java:743)
	at org.junit.Assert.assertEquals(Assert.java:494)
	at org.junit.Assert.assertEquals(Assert.java:592)
	at org.apache.commons.math.linear.OpenMapRealVector_ESTest.test26(OpenMapRealVector_ESTest.java:359)
	at sun.reflect.NativeMethodAccessorImpl.invoke0(Native Method)
	at sun.reflect.NativeMethodAccessorImpl.invoke(NativeMethodAccessorImpl.java:57)
	at sun.reflect.DelegatingMethodAccessorImpl.invoke(DelegatingMethodAccessorImpl.java:43)
	at java.lang.reflect.Method.invoke(Method.java:606)
	at org.junit.runners.model.FrameworkMethod$1.runReflectiveCall(FrameworkMethod.java:47)
	at org.junit.internal.runners.model.ReflectiveCallable.run(ReflectiveCallable.java:12)
	at org.junit.runners.model.FrameworkMethod.invokeExplosively(FrameworkMethod.java:44)
	at org.junit.internal.runners.statements.InvokeMethod.evaluate(InvokeMethod.java:17)
	at org.junit.internal.runners.statements.RunBefores.evaluate(RunBefores.java:26)
	at org.junit.internal.runners.statements.RunAfters.evaluate(RunAfters.java:27)
	at org.junit.internal.runners.statements.FailOnTimeout$StatementThread.run(FailOnTimeout.java:74)
1 broken test method(s): Math-92f-evosuite-branch.1.tar.bz2
--- org.apache.commons.math.util.MathUtils_ESTest::test015
junit.framework.AssertionFailedError: Expecting exception: ArithmeticException
	at org.junit.Assert.fail(Assert.java:88)
	at org.apache.commons.math.util.MathUtils_ESTest.test015(MathUtils_ESTest.java:142)
	at sun.reflect.NativeMethodAccessorImpl.invoke0(Native Method)
	at sun.reflect.NativeMethodAccessorImpl.invoke(NativeMethodAccessorImpl.java:57)
	at sun.reflect.DelegatingMethodAccessorImpl.invoke(DelegatingMethodAccessorImpl.java:43)
	at java.lang.reflect.Method.invoke(Method.java:606)
	at org.junit.runners.model.FrameworkMethod$1.runReflectiveCall(FrameworkMethod.java:47)
	at org.junit.internal.runners.model.ReflectiveCallable.run(ReflectiveCallable.java:12)
	at org.junit.runners.model.FrameworkMethod.invokeExplosively(FrameworkMethod.java:44)
	at org.junit.internal.runners.statements.InvokeMethod.evaluate(InvokeMethod.java:17)
	at org.junit.internal.runners.statements.RunBefores.evaluate(RunBefores.java:26)
	at org.junit.internal.runners.statements.RunAfters.evaluate(RunAfters.java:27)
	at org.junit.internal.runners.statements.FailOnTimeout$StatementThread.run(FailOnTimeout.java:74)
1 broken test method(s): Math-94f-evosuite-branch.1.tar.bz2
--- org.apache.commons.math.util.MathUtils_ESTest::test016
junit.framework.AssertionFailedError: Expecting exception: ArithmeticException
	at org.junit.Assert.fail(Assert.java:88)
	at org.apache.commons.math.util.MathUtils_ESTest.test016(MathUtils_ESTest.java:148)
	at sun.reflect.NativeMethodAccessorImpl.invoke0(Native Method)
	at sun.reflect.NativeMethodAccessorImpl.invoke(NativeMethodAccessorImpl.java:57)
	at sun.reflect.DelegatingMethodAccessorImpl.invoke(DelegatingMethodAccessorImpl.java:43)
	at java.lang.reflect.Method.invoke(Method.java:606)
	at org.junit.runners.model.FrameworkMethod$1.runReflectiveCall(FrameworkMethod.java:47)
	at org.junit.internal.runners.model.ReflectiveCallable.run(ReflectiveCallable.java:12)
	at org.junit.runners.model.FrameworkMethod.invokeExplosively(FrameworkMethod.java:44)
	at org.junit.internal.runners.statements.InvokeMethod.evaluate(InvokeMethod.java:17)
	at org.junit.internal.runners.statements.RunBefores.evaluate(RunBefores.java:26)
	at org.junit.internal.runners.statements.RunAfters.evaluate(RunAfters.java:27)
	at org.junit.internal.runners.statements.FailOnTimeout$StatementThread.run(FailOnTimeout.java:74)
1 broken test method(s): Math-97f-evosuite-branch.1.tar.bz2
--- org.apache.commons.math.analysis.BrentSolver_ESTest::test09
junit.framework.AssertionFailedError: Expecting exception: IllegalArgumentException
	at org.junit.Assert.fail(Assert.java:88)
	at org.apache.commons.math.analysis.BrentSolver_ESTest.test09(BrentSolver_ESTest.java:135)
	at sun.reflect.NativeMethodAccessorImpl.invoke0(Native Method)
	at sun.reflect.NativeMethodAccessorImpl.invoke(NativeMethodAccessorImpl.java:57)
	at sun.reflect.DelegatingMethodAccessorImpl.invoke(DelegatingMethodAccessorImpl.java:43)
	at java.lang.reflect.Method.invoke(Method.java:606)
	at org.junit.runners.model.FrameworkMethod$1.runReflectiveCall(FrameworkMethod.java:47)
	at org.junit.internal.runners.model.ReflectiveCallable.run(ReflectiveCallable.java:12)
	at org.junit.runners.model.FrameworkMethod.invokeExplosively(FrameworkMethod.java:44)
	at org.junit.internal.runners.statements.InvokeMethod.evaluate(InvokeMethod.java:17)
	at org.junit.internal.runners.statements.RunBefores.evaluate(RunBefores.java:26)
	at org.junit.internal.runners.statements.RunAfters.evaluate(RunAfters.java:27)
	at org.junit.internal.runners.statements.FailOnTimeout$StatementThread.run(FailOnTimeout.java:74)
