* EvoSuite 
* Going to generate test cases for class: com.google.javascript.jscomp.DisambiguateProperties
* Starting client
* Connecting to master process on port 2944
* Analyzing classpath: 
  - /tmp/run_evosuite.pl_23470_1536353579/build/classes
  - /tmp/run_evosuite.pl_23470_1536353579/lib/ant_deploy.jar
  - /tmp/run_evosuite.pl_23470_1536353579/lib/google_common_deploy.jar
  - /tmp/run_evosuite.pl_23470_1536353579/lib/hamcrest-core-1.1.jar
  - /tmp/run_evosuite.pl_23470_1536353579/lib/junit4-core.jar
  - /tmp/run_evosuite.pl_23470_1536353579/lib/junit4-legacy.jar
  - /tmp/run_evosuite.pl_23470_1536353579/lib/libtrunk_rhino_parser_jarjared.jar
  - /tmp/run_evosuite.pl_23470_1536353579/lib/protobuf_deploy.jar
* Finished analyzing classpath
* Generating tests for class com.google.javascript.jscomp.DisambiguateProperties
* Test criterion:
  - Branch Coverage
* Setting up search algorithm for whole suite generation
* Total number of test goals: 300
* Using seed 1536353610052
* Starting evolution
* Search finished after 1805s and 1842 generations, 329397 statements, best individual has fitness: 175.09956709956708
* Minimizing test suite
* Coverage analysis for criterion BRANCH
* Coverage of criterion BRANCH: 41%
* Total number of goals: 300
* Number of covered goals: 123
* Generated 10 tests with total length 78
* Resulting test suite's coverage: 41%
* GA-Budget:
	- RMIStoppingCondition
	- ZeroFitness :                    175 / 0           
	- ShutdownTestWriter :               0 / 0           
	- MaxTime :                      1,814 / 1,800        Finished!
* Time spent executing tests: 286788ms
* Generating assertions
[MASTER] 13:24:15.901 [logback-2] ERROR TestRunnable - Suppressed/ignored exception during test case execution on class com.google.javascript.jscomp.DisambiguateProperties: null
java.lang.NullPointerException: null
	at org.evosuite.assertion.InspectorTraceObserver.visit(InspectorTraceObserver.java:67) ~[evosuite-0.2.0.jar:na]
	at org.evosuite.assertion.AssertionTraceObserver.visitDependencies(AssertionTraceObserver.java:75) ~[evosuite-0.2.0.jar:na]
	at org.evosuite.assertion.AssertionTraceObserver.afterStatement(AssertionTraceObserver.java:139) ~[evosuite-0.2.0.jar:na]
	at org.evosuite.testcase.execution.TestRunnable.informObservers_after(TestRunnable.java:160) [evosuite-0.2.0.jar:na]
	at org.evosuite.testcase.execution.TestRunnable.executeStatements(TestRunnable.java:358) [evosuite-0.2.0.jar:na]
	at org.evosuite.testcase.execution.TestRunnable.call(TestRunnable.java:209) [evosuite-0.2.0.jar:na]
	at org.evosuite.testcase.execution.TestRunnable.call(TestRunnable.java:52) [evosuite-0.2.0.jar:na]
	at java.util.concurrent.FutureTask.run(FutureTask.java:262) [na:1.7.0_95]
	at java.util.concurrent.ThreadPoolExecutor.runWorker(ThreadPoolExecutor.java:1145) [na:1.7.0_95]
	at java.util.concurrent.ThreadPoolExecutor$Worker.run(ThreadPoolExecutor.java:615) [na:1.7.0_95]
	at java.lang.Thread.run(Thread.java:745) [na:1.7.0_95]
[MASTER] 13:24:15.934 [logback-2] ERROR TestRunnable - Suppressed/ignored exception during test case execution on class com.google.javascript.jscomp.DisambiguateProperties: null
java.lang.NullPointerException: null
	at org.evosuite.assertion.InspectorTraceObserver.visit(InspectorTraceObserver.java:67) ~[evosuite-0.2.0.jar:na]
	at org.evosuite.assertion.AssertionTraceObserver.visitDependencies(AssertionTraceObserver.java:75) ~[evosuite-0.2.0.jar:na]
	at org.evosuite.assertion.AssertionTraceObserver.afterStatement(AssertionTraceObserver.java:139) ~[evosuite-0.2.0.jar:na]
	at org.evosuite.testcase.execution.TestRunnable.informObservers_after(TestRunnable.java:160) [evosuite-0.2.0.jar:na]
	at org.evosuite.testcase.execution.TestRunnable.executeStatements(TestRunnable.java:358) [evosuite-0.2.0.jar:na]
	at org.evosuite.testcase.execution.TestRunnable.call(TestRunnable.java:209) [evosuite-0.2.0.jar:na]
	at org.evosuite.testcase.execution.TestRunnable.call(TestRunnable.java:52) [evosuite-0.2.0.jar:na]
	at java.util.concurrent.FutureTask.run(FutureTask.java:262) [na:1.7.0_95]
	at java.util.concurrent.ThreadPoolExecutor.runWorker(ThreadPoolExecutor.java:1145) [na:1.7.0_95]
	at java.util.concurrent.ThreadPoolExecutor$Worker.run(ThreadPoolExecutor.java:615) [na:1.7.0_95]
	at java.lang.Thread.run(Thread.java:745) [na:1.7.0_95]
[MASTER] 13:24:15.962 [logback-2] ERROR TestRunnable - Suppressed/ignored exception during test case execution on class com.google.javascript.jscomp.DisambiguateProperties: null
java.lang.NullPointerException: null
	at org.evosuite.assertion.InspectorTraceObserver.visit(InspectorTraceObserver.java:67) ~[evosuite-0.2.0.jar:na]
	at org.evosuite.assertion.AssertionTraceObserver.visitDependencies(AssertionTraceObserver.java:75) ~[evosuite-0.2.0.jar:na]
	at org.evosuite.assertion.AssertionTraceObserver.afterStatement(AssertionTraceObserver.java:139) ~[evosuite-0.2.0.jar:na]
	at org.evosuite.testcase.execution.TestRunnable.informObservers_after(TestRunnable.java:160) [evosuite-0.2.0.jar:na]
	at org.evosuite.testcase.execution.TestRunnable.executeStatements(TestRunnable.java:358) [evosuite-0.2.0.jar:na]
	at org.evosuite.testcase.execution.TestRunnable.call(TestRunnable.java:209) [evosuite-0.2.0.jar:na]
	at org.evosuite.testcase.execution.TestRunnable.call(TestRunnable.java:52) [evosuite-0.2.0.jar:na]
	at java.util.concurrent.FutureTask.run(FutureTask.java:262) [na:1.7.0_95]
	at java.util.concurrent.ThreadPoolExecutor.runWorker(ThreadPoolExecutor.java:1145) [na:1.7.0_95]
	at java.util.concurrent.ThreadPoolExecutor$Worker.run(ThreadPoolExecutor.java:615) [na:1.7.0_95]
	at java.lang.Thread.run(Thread.java:745) [na:1.7.0_95]
[MASTER] 13:24:15.999 [logback-2] ERROR TestRunnable - Suppressed/ignored exception during test case execution on class com.google.javascript.jscomp.DisambiguateProperties: null
java.lang.NullPointerException: null
	at org.evosuite.assertion.InspectorTraceObserver.visit(InspectorTraceObserver.java:67) ~[evosuite-0.2.0.jar:na]
	at org.evosuite.assertion.AssertionTraceObserver.visitDependencies(AssertionTraceObserver.java:75) ~[evosuite-0.2.0.jar:na]
	at org.evosuite.assertion.AssertionTraceObserver.afterStatement(AssertionTraceObserver.java:139) ~[evosuite-0.2.0.jar:na]
	at org.evosuite.testcase.execution.TestRunnable.informObservers_after(TestRunnable.java:160) [evosuite-0.2.0.jar:na]
	at org.evosuite.testcase.execution.TestRunnable.executeStatements(TestRunnable.java:358) [evosuite-0.2.0.jar:na]
	at org.evosuite.testcase.execution.TestRunnable.call(TestRunnable.java:209) [evosuite-0.2.0.jar:na]
	at org.evosuite.testcase.execution.TestRunnable.call(TestRunnable.java:52) [evosuite-0.2.0.jar:na]
	at java.util.concurrent.FutureTask.run(FutureTask.java:262) [na:1.7.0_95]
	at java.util.concurrent.ThreadPoolExecutor.runWorker(ThreadPoolExecutor.java:1145) [na:1.7.0_95]
	at java.util.concurrent.ThreadPoolExecutor$Worker.run(ThreadPoolExecutor.java:615) [na:1.7.0_95]
	at java.lang.Thread.run(Thread.java:745) [na:1.7.0_95]
[MASTER] 13:24:16.032 [logback-2] ERROR TestRunnable - Suppressed/ignored exception during test case execution on class com.google.javascript.jscomp.DisambiguateProperties: null
java.lang.NullPointerException: null
	at org.evosuite.assertion.InspectorTraceObserver.visit(InspectorTraceObserver.java:67) ~[evosuite-0.2.0.jar:na]
	at org.evosuite.assertion.AssertionTraceObserver.visitDependencies(AssertionTraceObserver.java:75) ~[evosuite-0.2.0.jar:na]
	at org.evosuite.assertion.AssertionTraceObserver.afterStatement(AssertionTraceObserver.java:139) ~[evosuite-0.2.0.jar:na]
	at org.evosuite.testcase.execution.TestRunnable.informObservers_after(TestRunnable.java:160) [evosuite-0.2.0.jar:na]
	at org.evosuite.testcase.execution.TestRunnable.executeStatements(TestRunnable.java:358) [evosuite-0.2.0.jar:na]
	at org.evosuite.testcase.execution.TestRunnable.call(TestRunnable.java:209) [evosuite-0.2.0.jar:na]
	at org.evosuite.testcase.execution.TestRunnable.call(TestRunnable.java:52) [evosuite-0.2.0.jar:na]
	at java.util.concurrent.FutureTask.run(FutureTask.java:262) [na:1.7.0_95]
	at java.util.concurrent.ThreadPoolExecutor.runWorker(ThreadPoolExecutor.java:1145) [na:1.7.0_95]
	at java.util.concurrent.ThreadPoolExecutor$Worker.run(ThreadPoolExecutor.java:615) [na:1.7.0_95]
	at java.lang.Thread.run(Thread.java:745) [na:1.7.0_95]
* Resulting test suite's mutation score: 7%
* Permissions denied during test execution: 
  - java.lang.RuntimePermission: 
         writeFileDescriptor: 4
* Writing JUnit test case 'DisambiguateProperties_ESTest' to evosuite-branch
* Done!

* Computation finished
* EvoSuite 
* Going to generate test cases for class: com.google.javascript.jscomp.ControlFlowAnalysis
* Starting client
* Connecting to master process on port 13209
* Analyzing classpath: 
  - /tmp/run_evosuite.pl_23470_1536353579/build/classes
  - /tmp/run_evosuite.pl_23470_1536353579/lib/ant_deploy.jar
  - /tmp/run_evosuite.pl_23470_1536353579/lib/google_common_deploy.jar
  - /tmp/run_evosuite.pl_23470_1536353579/lib/hamcrest-core-1.1.jar
  - /tmp/run_evosuite.pl_23470_1536353579/lib/junit4-core.jar
  - /tmp/run_evosuite.pl_23470_1536353579/lib/junit4-legacy.jar
  - /tmp/run_evosuite.pl_23470_1536353579/lib/libtrunk_rhino_parser_jarjared.jar
  - /tmp/run_evosuite.pl_23470_1536353579/lib/protobuf_deploy.jar
* Finished analyzing classpath
* Generating tests for class com.google.javascript.jscomp.ControlFlowAnalysis
* Test criterion:
  - Branch Coverage
* Setting up search algorithm for whole suite generation
* Total number of test goals: 388
* Using seed 1536355468249
* Starting evolution
* Search finished after 1804s and 2283 generations, 566568 statements, best individual has fitness: 106.32182187730969
* Minimizing test suite
* Coverage analysis for criterion BRANCH
* Coverage of criterion BRANCH: 69%
* Total number of goals: 388
* Number of covered goals: 267
* Generated 44 tests with total length 190
* Resulting test suite's coverage: 69%
* GA-Budget:
	- RMIStoppingCondition
	- ShutdownTestWriter :               0 / 0           
	- MaxTime :                      1,828 / 1,800        Finished!
	- ZeroFitness :                    106 / 0           
* Time spent executing tests: 744304ms
* Generating assertions
* Resulting test suite's mutation score: 8%
* Permissions denied during test execution: 
  - java.lang.RuntimePermission: 
         writeFileDescriptor: 8
* Writing JUnit test case 'ControlFlowAnalysis_ESTest' to evosuite-branch
* Done!

* Computation finished
